# JRE version: OpenJDK Runtime Environment (8.0_152-b01) (build 1.8.0_152-release-915-b01)
# Java VM: OpenJDK 64-Bit Server VM (25.152-b01 mixed mode windows-amd64 compressed oops)
Heap:
 PSYoungGen      total 446464K, used 367565K [0x00000000e0000000, 0x00000000ffe80000, 0x0000000100000000)
  eden space 372224K, 98% used [0x00000000e0000000,0x00000000f668b7c0,0x00000000f6b80000)
  from space 74240K, 0% used [0x00000000fb600000,0x00000000fb668000,0x00000000ffe80000)
  to   space 75264K, 0% used [0x00000000f6b80000,0x00000000f6b80000,0x00000000fb500000)
 ParOldGen       total 1048576K, used 695951K [0x00000000a0000000, 0x00000000e0000000, 0x00000000e0000000)
  object space 1048576K, 66% used [0x00000000a0000000,0x00000000ca7a3f80,0x00000000e0000000)
 Metaspace       used 130150K, capacity 143312K, committed 147584K, reserved 1177600K
  class space    used 15389K, capacity 18767K, committed 19328K, reserved 1048576K
GC Heap History (10 events):
Event: 29024.973 GC heap before
{Heap before GC invocations=391 (full 17):
 PSYoungGen      total 435200K, used 434387K [0x00000000e0000000, 0x0000000100000000, 0x0000000100000000)
  eden space 376832K, 99% used [0x00000000e0000000,0x00000000f6f65a68,0x00000000f7000000)
  from space 58368K, 99% used [0x00000000f7000000,0x00000000fa8cf340,0x00000000fa900000)
  to   space 79872K, 0% used [0x00000000fb200000,0x00000000fb200000,0x0000000100000000)
 ParOldGen       total 1048576K, used 623035K [0x00000000a0000000, 0x00000000e0000000, 0x00000000e0000000)
  object space 1048576K, 59% used [0x00000000a0000000,0x00000000c606ecc8,0x00000000e0000000)
 Metaspace       used 130091K, capacity 143192K, committed 147584K, reserved 1177600K
  class space    used 15378K, capacity 18727K, committed 19328K, reserved 1048576K
Event: 29025.009 GC heap after
Heap after GC invocations=391 (full 17):
 PSYoungGen      total 442368K, used 45797K [0x00000000e0000000, 0x0000000100000000, 0x0000000100000000)
  eden space 362496K, 0% used [0x00000000e0000000,0x00000000e0000000,0x00000000f6200000)
  from space 79872K, 57% used [0x00000000fb200000,0x00000000fdeb9690,0x0000000100000000)
  to   space 80896K, 0% used [0x00000000f6200000,0x00000000f6200000,0x00000000fb100000)
 ParOldGen       total 1048576K, used 649267K [0x00000000a0000000, 0x00000000e0000000, 0x00000000e0000000)
  object space 1048576K, 61% used [0x00000000a0000000,0x00000000c7a0ccc8,0x00000000e0000000)
 Metaspace       used 130091K, capacity 143192K, committed 147584K, reserved 1177600K
  class space    used 15378K, capacity 18727K, committed 19328K, reserved 1048576K
}
Event: 29025.861 GC heap before
{Heap before GC invocations=392 (full 17):
 PSYoungGen      total 442368K, used 408293K [0x00000000e0000000, 0x0000000100000000, 0x0000000100000000)
  eden space 362496K, 100% used [0x00000000e0000000,0x00000000f6200000,0x00000000f6200000)
  from space 79872K, 57% used [0x00000000fb200000,0x00000000fdeb9690,0x0000000100000000)
  to   space 80896K, 0% used [0x00000000f6200000,0x00000000f6200000,0x00000000fb100000)
 ParOldGen       total 1048576K, used 649267K [0x00000000a0000000, 0x00000000e0000000, 0x00000000e0000000)
  object space 1048576K, 61% used [0x00000000a0000000,0x00000000c7a0ccc8,0x00000000e0000000)
 Metaspace       used 130093K, capacity 143192K, committed 147584K, reserved 1177600K
  class space    used 15378K, capacity 18727K, committed 19328K, reserved 1048576K
Event: 29025.881 GC heap after
Heap after GC invocations=392 (full 17):
 PSYoungGen      total 443392K, used 1301K [0x00000000e0000000, 0x0000000100000000, 0x0000000100000000)
  eden space 362496K, 0% used [0x00000000e0000000,0x00000000e0000000,0x00000000f6200000)
  from space 80896K, 1% used [0x00000000f6200000,0x00000000f6345608,0x00000000fb100000)
  to   space 80896K, 0% used [0x00000000fb100000,0x00000000fb100000,0x0000000100000000)
 ParOldGen       total 1048576K, used 690336K [0x00000000a0000000, 0x00000000e0000000, 0x00000000e0000000)
  object space 1048576K, 65% used [0x00000000a0000000,0x00000000ca228330,0x00000000e0000000)
 Metaspace       used 130093K, capacity 143192K, committed 147584K, reserved 1177600K
  class space    used 15378K, capacity 18727K, committed 19328K, reserved 1048576K
}
Event: 29028.661 GC heap before
{Heap before GC invocations=393 (full 17):
 PSYoungGen      total 443392K, used 363520K [0x00000000e0000000, 0x0000000100000000, 0x0000000100000000)
  eden space 362496K, 99% used [0x00000000e0000000,0x00000000f61bad38,0x00000000f6200000)
  from space 80896K, 1% used [0x00000000f6200000,0x00000000f6345608,0x00000000fb100000)
  to   space 80896K, 0% used [0x00000000fb100000,0x00000000fb100000,0x0000000100000000)
 ParOldGen       total 1048576K, used 690336K [0x00000000a0000000, 0x00000000e0000000, 0x00000000e0000000)
  object space 1048576K, 65% used [0x00000000a0000000,0x00000000ca228330,0x00000000e0000000)
 Metaspace       used 130093K, capacity 143192K, committed 147584K, reserved 1177600K
  class space    used 15378K, capacity 18727K, committed 19328K, reserved 1048576K
Event: 29028.673 GC heap after
Heap after GC invocations=393 (full 17):
 PSYoungGen      total 434176K, used 26917K [0x00000000e0000000, 0x00000000ff700000, 0x0000000100000000)
  eden space 362496K, 0% used [0x00000000e0000000,0x00000000e0000000,0x00000000f6200000)
  from space 71680K, 37% used [0x00000000fb100000,0x00000000fcb49678,0x00000000ff700000)
  to   space 76288K, 0% used [0x00000000f6200000,0x00000000f6200000,0x00000000fac80000)
 ParOldGen       total 1048576K, used 690520K [0x00000000a0000000, 0x00000000e0000000, 0x00000000e0000000)
  object space 1048576K, 65% used [0x00000000a0000000,0x00000000ca256330,0x00000000e0000000)
 Metaspace       used 130093K, capacity 143192K, committed 147584K, reserved 1177600K
  class space    used 15378K, capacity 18727K, committed 19328K, reserved 1048576K
}
Event: 29028.750 GC heap before
{Heap before GC invocations=394 (full 17):
 PSYoungGen      total 434176K, used 388828K [0x00000000e0000000, 0x00000000ff700000, 0x0000000100000000)
  eden space 362496K, 99% used [0x00000000e0000000,0x00000000f616dbb0,0x00000000f6200000)
  from space 71680K, 37% used [0x00000000fb100000,0x00000000fcb49678,0x00000000ff700000)
  to   space 76288K, 0% used [0x00000000f6200000,0x00000000f6200000,0x00000000fac80000)
 ParOldGen       total 1048576K, used 690520K [0x00000000a0000000, 0x00000000e0000000, 0x00000000e0000000)
  object space 1048576K, 65% used [0x00000000a0000000,0x00000000ca256330,0x00000000e0000000)
 Metaspace       used 130093K, capacity 143192K, committed 147584K, reserved 1177600K
  class space    used 15378K, capacity 18727K, committed 19328K, reserved 1048576K
Event: 29028.756 GC heap after
Heap after GC invocations=394 (full 17):
 PSYoungGen      total 438784K, used 416K [0x00000000e0000000, 0x0000000100000000, 0x0000000100000000)
  eden space 362496K, 0% used [0x00000000e0000000,0x00000000e0000000,0x00000000f6200000)
  from space 76288K, 0% used [0x00000000f6200000,0x00000000f6268000,0x00000000fac80000)
  to   space 75776K, 0% used [0x00000000fb600000,0x00000000fb600000,0x0000000100000000)
 ParOldGen       total 1048576K, used 695855K [0x00000000a0000000, 0x00000000e0000000, 0x00000000e0000000)
  object space 1048576K, 66% used [0x00000000a0000000,0x00000000ca78bf80,0x00000000e0000000)
 Metaspace       used 130093K, capacity 143192K, committed 147584K, reserved 1177600K
  class space    used 15378K, capacity 18727K, committed 19328K, reserved 1048576K
}
Event: 29028.818 GC heap before
{Heap before GC invocations=395 (full 17):
 PSYoungGen      total 438784K, used 362912K [0x00000000e0000000, 0x0000000100000000, 0x0000000100000000)
  eden space 362496K, 100% used [0x00000000e0000000,0x00000000f6200000,0x00000000f6200000)
  from space 76288K, 0% used [0x00000000f6200000,0x00000000f6268000,0x00000000fac80000)
  to   space 75776K, 0% used [0x00000000fb600000,0x00000000fb600000,0x0000000100000000)
 ParOldGen       total 1048576K, used 695855K [0x00000000a0000000, 0x00000000e0000000, 0x00000000e0000000)
  object space 1048576K, 66% used [0x00000000a0000000,0x00000000ca78bf80,0x00000000e0000000)
 Metaspace       used 130093K, capacity 143192K, committed 147584K, reserved 1177600K
  class space    used 15378K, capacity 18727K, committed 19328K, reserved 1048576K
Event: 29028.823 GC heap after
Heap after GC invocations=395 (full 17):
 PSYoungGen      total 446464K, used 416K [0x00000000e0000000, 0x00000000ffe80000, 0x0000000100000000)
  eden space 372224K, 0% used [0x00000000e0000000,0x00000000e0000000,0x00000000f6b80000)
  from space 74240K, 0% used [0x00000000fb600000,0x00000000fb668000,0x00000000ffe80000)
  to   space 75264K, 0% used [0x00000000f6b80000,0x00000000f6b80000,0x00000000fb500000)
 ParOldGen       total 1048576K, used 695951K [0x00000000a0000000, 0x00000000e0000000, 0x00000000e0000000)
  object space 1048576K, 66% used [0x00000000a0000000,0x00000000ca7a3f80,0x00000000e0000000)
 Metaspace       used 130093K, capacity 143192K, committed 147584K, reserved 1177600K
  class space    used 15378K, capacity 18727K, committed 19328K, reserved 1048576K
}

